Determining if the pthread_create exist failed with the following output:
Change Dir: /home/softelli/catkin_ws/src/PioneerModel/p3dx_control/config/CMakeFiles/CMakeTmp

Run Build Command:/usr/bin/make "cmTryCompileExec1979609081/fast"
/usr/bin/make -f CMakeFiles/cmTryCompileExec1979609081.dir/build.make CMakeFiles/cmTryCompileExec1979609081.dir/build
make[1]: Entering directory `/home/softelli/catkin_ws/src/PioneerModel/p3dx_control/config/CMakeFiles/CMakeTmp'
/usr/bin/cmake -E cmake_progress_report /home/softelli/catkin_ws/src/PioneerModel/p3dx_control/config/CMakeFiles/CMakeTmp/CMakeFiles 1
Building C object CMakeFiles/cmTryCompileExec1979609081.dir/CheckSymbolExists.c.o
/usr/bin/cc    -o CMakeFiles/cmTryCompileExec1979609081.dir/CheckSymbolExists.c.o   -c /home/softelli/catkin_ws/src/PioneerModel/p3dx_control/config/CMakeFiles/CMakeTmp/CheckSymbolExists.c
Linking C executable cmTryCompileExec1979609081
/usr/bin/cmake -E cmake_link_script CMakeFiles/cmTryCompileExec1979609081.dir/link.txt --verbose=1
/usr/bin/cc       CMakeFiles/cmTryCompileExec1979609081.dir/CheckSymbolExists.c.o  -o cmTryCompileExec1979609081 -rdynamic 
CMakeFiles/cmTryCompileExec1979609081.dir/CheckSymbolExists.c.o: In function `main':
CheckSymbolExists.c:(.text+0x16): undefined reference to `pthread_create'
collect2: error: ld returned 1 exit status
make[1]: *** [cmTryCompileExec1979609081] Error 1
make[1]: Leaving directory `/home/softelli/catkin_ws/src/PioneerModel/p3dx_control/config/CMakeFiles/CMakeTmp'
make: *** [cmTryCompileExec1979609081/fast] Error 2

File /home/softelli/catkin_ws/src/PioneerModel/p3dx_control/config/CMakeFiles/CMakeTmp/CheckSymbolExists.c:
/* */
#include <pthread.h>

int main(int argc, char** argv)
{
  (void)argv;
#ifndef pthread_create
  return ((int*)(&pthread_create))[argc];
#else
  (void)argc;
  return 0;
#endif
}

Determining if the function pthread_create exists in the pthreads failed with the following output:
Change Dir: /home/softelli/catkin_ws/src/PioneerModel/p3dx_control/config/CMakeFiles/CMakeTmp

Run Build Command:/usr/bin/make "cmTryCompileExec2717131/fast"
/usr/bin/make -f CMakeFiles/cmTryCompileExec2717131.dir/build.make CMakeFiles/cmTryCompileExec2717131.dir/build
make[1]: Entering directory `/home/softelli/catkin_ws/src/PioneerModel/p3dx_control/config/CMakeFiles/CMakeTmp'
/usr/bin/cmake -E cmake_progress_report /home/softelli/catkin_ws/src/PioneerModel/p3dx_control/config/CMakeFiles/CMakeTmp/CMakeFiles 1
Building C object CMakeFiles/cmTryCompileExec2717131.dir/CheckFunctionExists.c.o
/usr/bin/cc   -DCHECK_FUNCTION_EXISTS=pthread_create   -o CMakeFiles/cmTryCompileExec2717131.dir/CheckFunctionExists.c.o   -c /usr/share/cmake-2.8/Modules/CheckFunctionExists.c
Linking C executable cmTryCompileExec2717131
/usr/bin/cmake -E cmake_link_script CMakeFiles/cmTryCompileExec2717131.dir/link.txt --verbose=1
/usr/bin/cc   -DCHECK_FUNCTION_EXISTS=pthread_create    CMakeFiles/cmTryCompileExec2717131.dir/CheckFunctionExists.c.o  -o cmTryCompileExec2717131 -rdynamic -lpthreads 
/usr/bin/ld: cannot find -lpthreads
collect2: error: ld returned 1 exit status
make[1]: *** [cmTryCompileExec2717131] Error 1
make[1]: Leaving directory `/home/softelli/catkin_ws/src/PioneerModel/p3dx_control/config/CMakeFiles/CMakeTmp'
make: *** [cmTryCompileExec2717131/fast] Error 2


