Determining if the pthread_create exist failed with the following output:
Change Dir: /home/softelli/catkin_ws/src/velodyne_plugin/build/CMakeFiles/CMakeTmp

Run Build Command:/usr/bin/make "cmTryCompileExec950751098/fast"
/usr/bin/make -f CMakeFiles/cmTryCompileExec950751098.dir/build.make CMakeFiles/cmTryCompileExec950751098.dir/build
make[1]: Entering directory `/home/softelli/catkin_ws/src/velodyne_plugin/build/CMakeFiles/CMakeTmp'
/usr/bin/cmake -E cmake_progress_report /home/softelli/catkin_ws/src/velodyne_plugin/build/CMakeFiles/CMakeTmp/CMakeFiles 1
Building C object CMakeFiles/cmTryCompileExec950751098.dir/CheckSymbolExists.c.o
/usr/bin/cc    -o CMakeFiles/cmTryCompileExec950751098.dir/CheckSymbolExists.c.o   -c /home/softelli/catkin_ws/src/velodyne_plugin/build/CMakeFiles/CMakeTmp/CheckSymbolExists.c
Linking C executable cmTryCompileExec950751098
/usr/bin/cmake -E cmake_link_script CMakeFiles/cmTryCompileExec950751098.dir/link.txt --verbose=1
/usr/bin/cc       CMakeFiles/cmTryCompileExec950751098.dir/CheckSymbolExists.c.o  -o cmTryCompileExec950751098 -rdynamic 
CMakeFiles/cmTryCompileExec950751098.dir/CheckSymbolExists.c.o: In function `main':
CheckSymbolExists.c:(.text+0x16): undefined reference to `pthread_create'
collect2: error: ld returned 1 exit status
make[1]: *** [cmTryCompileExec950751098] Error 1
make[1]: Leaving directory `/home/softelli/catkin_ws/src/velodyne_plugin/build/CMakeFiles/CMakeTmp'
make: *** [cmTryCompileExec950751098/fast] Error 2

File /home/softelli/catkin_ws/src/velodyne_plugin/build/CMakeFiles/CMakeTmp/CheckSymbolExists.c:
/* */
#include <pthread.h>

int main(int argc, char** argv)
{
  (void)argv;
#ifndef pthread_create
  return ((int*)(&pthread_create))[argc];
#else
  (void)argc;
  return 0;
#endif
}

Determining if the function pthread_create exists in the pthreads failed with the following output:
Change Dir: /home/softelli/catkin_ws/src/velodyne_plugin/build/CMakeFiles/CMakeTmp

Run Build Command:/usr/bin/make "cmTryCompileExec568472351/fast"
/usr/bin/make -f CMakeFiles/cmTryCompileExec568472351.dir/build.make CMakeFiles/cmTryCompileExec568472351.dir/build
make[1]: Entering directory `/home/softelli/catkin_ws/src/velodyne_plugin/build/CMakeFiles/CMakeTmp'
/usr/bin/cmake -E cmake_progress_report /home/softelli/catkin_ws/src/velodyne_plugin/build/CMakeFiles/CMakeTmp/CMakeFiles 1
Building C object CMakeFiles/cmTryCompileExec568472351.dir/CheckFunctionExists.c.o
/usr/bin/cc   -DCHECK_FUNCTION_EXISTS=pthread_create   -o CMakeFiles/cmTryCompileExec568472351.dir/CheckFunctionExists.c.o   -c /usr/share/cmake-2.8/Modules/CheckFunctionExists.c
Linking C executable cmTryCompileExec568472351
/usr/bin/cmake -E cmake_link_script CMakeFiles/cmTryCompileExec568472351.dir/link.txt --verbose=1
/usr/bin/cc   -DCHECK_FUNCTION_EXISTS=pthread_create    CMakeFiles/cmTryCompileExec568472351.dir/CheckFunctionExists.c.o  -o cmTryCompileExec568472351 -rdynamic -lpthreads 
/usr/bin/ld: cannot find -lpthreads
collect2: error: ld returned 1 exit status
make[1]: *** [cmTryCompileExec568472351] Error 1
make[1]: Leaving directory `/home/softelli/catkin_ws/src/velodyne_plugin/build/CMakeFiles/CMakeTmp'
make: *** [cmTryCompileExec568472351/fast] Error 2


