Determining if the pthread_create exist failed with the following output:
Change Dir: /home/softelli/catkin_ws/src/gazebo_plugin_tutorial/build/CMakeFiles/CMakeTmp

Run Build Command:/usr/bin/make "cmTryCompileExec979288595/fast"
/usr/bin/make -f CMakeFiles/cmTryCompileExec979288595.dir/build.make CMakeFiles/cmTryCompileExec979288595.dir/build
make[1]: Entering directory `/home/softelli/catkin_ws/src/gazebo_plugin_tutorial/build/CMakeFiles/CMakeTmp'
/usr/bin/cmake -E cmake_progress_report /home/softelli/catkin_ws/src/gazebo_plugin_tutorial/build/CMakeFiles/CMakeTmp/CMakeFiles 1
Building C object CMakeFiles/cmTryCompileExec979288595.dir/CheckSymbolExists.c.o
/usr/bin/cc    -o CMakeFiles/cmTryCompileExec979288595.dir/CheckSymbolExists.c.o   -c /home/softelli/catkin_ws/src/gazebo_plugin_tutorial/build/CMakeFiles/CMakeTmp/CheckSymbolExists.c
Linking C executable cmTryCompileExec979288595
/usr/bin/cmake -E cmake_link_script CMakeFiles/cmTryCompileExec979288595.dir/link.txt --verbose=1
/usr/bin/cc       CMakeFiles/cmTryCompileExec979288595.dir/CheckSymbolExists.c.o  -o cmTryCompileExec979288595 -rdynamic 
CMakeFiles/cmTryCompileExec979288595.dir/CheckSymbolExists.c.o: In function `main':
CheckSymbolExists.c:(.text+0x16): undefined reference to `pthread_create'
collect2: error: ld returned 1 exit status
make[1]: *** [cmTryCompileExec979288595] Error 1
make[1]: Leaving directory `/home/softelli/catkin_ws/src/gazebo_plugin_tutorial/build/CMakeFiles/CMakeTmp'
make: *** [cmTryCompileExec979288595/fast] Error 2

File /home/softelli/catkin_ws/src/gazebo_plugin_tutorial/build/CMakeFiles/CMakeTmp/CheckSymbolExists.c:
/* */
#include <pthread.h>

int main(int argc, char** argv)
{
  (void)argv;
#ifndef pthread_create
  return ((int*)(&pthread_create))[argc];
#else
  (void)argc;
  return 0;
#endif
}

Determining if the function pthread_create exists in the pthreads failed with the following output:
Change Dir: /home/softelli/catkin_ws/src/gazebo_plugin_tutorial/build/CMakeFiles/CMakeTmp

Run Build Command:/usr/bin/make "cmTryCompileExec2465903898/fast"
/usr/bin/make -f CMakeFiles/cmTryCompileExec2465903898.dir/build.make CMakeFiles/cmTryCompileExec2465903898.dir/build
make[1]: Entering directory `/home/softelli/catkin_ws/src/gazebo_plugin_tutorial/build/CMakeFiles/CMakeTmp'
/usr/bin/cmake -E cmake_progress_report /home/softelli/catkin_ws/src/gazebo_plugin_tutorial/build/CMakeFiles/CMakeTmp/CMakeFiles 1
Building C object CMakeFiles/cmTryCompileExec2465903898.dir/CheckFunctionExists.c.o
/usr/bin/cc   -DCHECK_FUNCTION_EXISTS=pthread_create   -o CMakeFiles/cmTryCompileExec2465903898.dir/CheckFunctionExists.c.o   -c /usr/share/cmake-2.8/Modules/CheckFunctionExists.c
Linking C executable cmTryCompileExec2465903898
/usr/bin/cmake -E cmake_link_script CMakeFiles/cmTryCompileExec2465903898.dir/link.txt --verbose=1
/usr/bin/cc   -DCHECK_FUNCTION_EXISTS=pthread_create    CMakeFiles/cmTryCompileExec2465903898.dir/CheckFunctionExists.c.o  -o cmTryCompileExec2465903898 -rdynamic -lpthreads 
/usr/bin/ld: cannot find -lpthreads
collect2: error: ld returned 1 exit status
make[1]: *** [cmTryCompileExec2465903898] Error 1
make[1]: Leaving directory `/home/softelli/catkin_ws/src/gazebo_plugin_tutorial/build/CMakeFiles/CMakeTmp'
make: *** [cmTryCompileExec2465903898/fast] Error 2


