Determining if the pthread_create exist failed with the following output:
Change Dir: /home/softelli/catkin_ws/src/PioneerModel/CMakeFiles/CMakeTmp

Run Build Command:/usr/bin/make "cmTryCompileExec2068787890/fast"
/usr/bin/make -f CMakeFiles/cmTryCompileExec2068787890.dir/build.make CMakeFiles/cmTryCompileExec2068787890.dir/build
make[1]: Entering directory `/home/softelli/catkin_ws/src/PioneerModel/CMakeFiles/CMakeTmp'
/usr/bin/cmake -E cmake_progress_report /home/softelli/catkin_ws/src/PioneerModel/CMakeFiles/CMakeTmp/CMakeFiles 1
Building C object CMakeFiles/cmTryCompileExec2068787890.dir/CheckSymbolExists.c.o
/usr/bin/cc    -o CMakeFiles/cmTryCompileExec2068787890.dir/CheckSymbolExists.c.o   -c /home/softelli/catkin_ws/src/PioneerModel/CMakeFiles/CMakeTmp/CheckSymbolExists.c
Linking C executable cmTryCompileExec2068787890
/usr/bin/cmake -E cmake_link_script CMakeFiles/cmTryCompileExec2068787890.dir/link.txt --verbose=1
/usr/bin/cc       CMakeFiles/cmTryCompileExec2068787890.dir/CheckSymbolExists.c.o  -o cmTryCompileExec2068787890 -rdynamic 
CMakeFiles/cmTryCompileExec2068787890.dir/CheckSymbolExists.c.o: In function `main':
CheckSymbolExists.c:(.text+0x16): undefined reference to `pthread_create'
collect2: error: ld returned 1 exit status
make[1]: Leaving directory `/home/softelli/catkin_ws/src/PioneerModel/CMakeFiles/CMakeTmp'
make[1]: *** [cmTryCompileExec2068787890] Error 1
make: *** [cmTryCompileExec2068787890/fast] Error 2

File /home/softelli/catkin_ws/src/PioneerModel/CMakeFiles/CMakeTmp/CheckSymbolExists.c:
/* */
#include <pthread.h>

int main(int argc, char** argv)
{
  (void)argv;
#ifndef pthread_create
  return ((int*)(&pthread_create))[argc];
#else
  (void)argc;
  return 0;
#endif
}

Determining if the function pthread_create exists in the pthreads failed with the following output:
Change Dir: /home/softelli/catkin_ws/src/PioneerModel/CMakeFiles/CMakeTmp

Run Build Command:/usr/bin/make "cmTryCompileExec1953258607/fast"
/usr/bin/make -f CMakeFiles/cmTryCompileExec1953258607.dir/build.make CMakeFiles/cmTryCompileExec1953258607.dir/build
make[1]: Entering directory `/home/softelli/catkin_ws/src/PioneerModel/CMakeFiles/CMakeTmp'
/usr/bin/cmake -E cmake_progress_report /home/softelli/catkin_ws/src/PioneerModel/CMakeFiles/CMakeTmp/CMakeFiles 1
Building C object CMakeFiles/cmTryCompileExec1953258607.dir/CheckFunctionExists.c.o
/usr/bin/cc   -DCHECK_FUNCTION_EXISTS=pthread_create   -o CMakeFiles/cmTryCompileExec1953258607.dir/CheckFunctionExists.c.o   -c /usr/share/cmake-2.8/Modules/CheckFunctionExists.c
Linking C executable cmTryCompileExec1953258607
/usr/bin/cmake -E cmake_link_script CMakeFiles/cmTryCompileExec1953258607.dir/link.txt --verbose=1
/usr/bin/cc   -DCHECK_FUNCTION_EXISTS=pthread_create    CMakeFiles/cmTryCompileExec1953258607.dir/CheckFunctionExists.c.o  -o cmTryCompileExec1953258607 -rdynamic -lpthreads 
/usr/bin/ld: cannot find -lpthreads
collect2: error: ld returned 1 exit status
make[1]: *** [cmTryCompileExec1953258607] Error 1
make[1]: Leaving directory `/home/softelli/catkin_ws/src/PioneerModel/CMakeFiles/CMakeTmp'
make: *** [cmTryCompileExec1953258607/fast] Error 2


